[debug] [2022-09-09T12:11:09.640Z] ----------------------------------------------------------------------
[debug] [2022-09-09T12:11:09.652Z] Command:       C:\Program Files\nodejs\node.exe C:\Users\TOSHIBA\AppData\Roaming\npm\node_modules\firebase-tools\lib\bin\firebase.js init
[debug] [2022-09-09T12:11:09.655Z] CLI Version:   11.8.1
[debug] [2022-09-09T12:11:09.657Z] Platform:      win32
[debug] [2022-09-09T12:11:09.658Z] Node Version:  v16.14.0
[debug] [2022-09-09T12:11:09.663Z] Time:          Fri Sep 09 2022 13:11:09 GMT+0100 (West Africa Standard Time)
[debug] [2022-09-09T12:11:09.664Z] ----------------------------------------------------------------------
[debug] 
[debug] [2022-09-09T12:11:12.352Z] > command requires scopes: ["email","openid","https://www.googleapis.com/auth/cloudplatformprojects.readonly","https://www.googleapis.com/auth/firebase","https://www.googleapis.com/auth/cloud-platform"]
[debug] [2022-09-09T12:11:12.354Z] > authorizing via signed-in user (jdbabatunde98@gmail.com)
[info] 
     ######## #### ########  ######## ########     ###     ######  ########
     ##        ##  ##     ## ##       ##     ##  ##   ##  ##       ##
     ######    ##  ########  ######   ########  #########  ######  ######
     ##        ##  ##    ##  ##       ##     ## ##     ##       ## ##
     ##       #### ##     ## ######## ########  ##     ##  ######  ########

You're about to initialize a Firebase project in this directory:

  C:\Users\TOSHIBA\Desktop\sbsc\angular\i-recruiter

Before we get started, keep in mind:

  * You are initializing within an existing Firebase project directory

[info] 
=== Project Setup
[info] 
[info] First, let's associate this project directory with a Firebase project.
[info] You can create multiple project aliases by running firebase use --add, 
[info] but for now we'll just set up a default project.
[info] 
[debug] [2022-09-09T12:13:11.008Z] >>> [apiv2][query] GET https://firebase.googleapis.com/v1beta1/projects pageSize=100
[debug] [2022-09-09T12:13:12.399Z] <<< [apiv2][status] GET https://firebase.googleapis.com/v1beta1/projects 200
[debug] [2022-09-09T12:13:12.401Z] <<< [apiv2][body] GET https://firebase.googleapis.com/v1beta1/projects [omitted]
[info] i  Using project recruiter-project-d4641 (Recruiter Project) 
[info] 
=== Firestore Setup
[debug] [2022-09-09T12:13:15.949Z] >>> [apiv2][query] GET https://serviceusage.googleapis.com/v1/projects/recruiter-project-d4641/services/firestore.googleapis.com [none]
[debug] [2022-09-09T12:13:19.067Z] <<< [apiv2][status] GET https://serviceusage.googleapis.com/v1/projects/recruiter-project-d4641/services/firestore.googleapis.com 200
[debug] [2022-09-09T12:13:19.068Z] <<< [apiv2][body] GET https://serviceusage.googleapis.com/v1/projects/recruiter-project-d4641/services/firestore.googleapis.com [omitted]
[debug] [2022-09-09T12:13:19.070Z] >>> [apiv2][query] GET https://appengine.googleapis.com/v1/apps/recruiter-project-d4641 [none]
[debug] [2022-09-09T12:13:24.552Z] <<< [apiv2][status] GET https://appengine.googleapis.com/v1/apps/recruiter-project-d4641 200
[debug] [2022-09-09T12:13:24.554Z] <<< [apiv2][body] GET https://appengine.googleapis.com/v1/apps/recruiter-project-d4641 {"name":"apps/recruiter-project-d4641","id":"recruiter-project-d4641","authDomain":"gmail.com","locationId":"us-central","codeBucket":"staging.recruiter-project-d4641.appspot.com","servingStatus":"SERVING","defaultHostname":"recruiter-project-d4641.uc.r.appspot.com","defaultBucket":"recruiter-project-d4641.appspot.com","serviceAccount":"recruiter-project-d4641@appspot.gserviceaccount.com","gcrDomain":"us.gcr.io","databaseType":"CLOUD_FIRESTORE","featureSettings":{"splitHealthChecks":true,"useContainerOptimizedOs":true}}
[debug] [2022-09-09T12:13:24.554Z] database_type: CLOUD_FIRESTORE
[debug] [2022-09-09T12:13:24.557Z] > command requires scopes: ["email","openid","https://www.googleapis.com/auth/cloudplatformprojects.readonly","https://www.googleapis.com/auth/firebase","https://www.googleapis.com/auth/cloud-platform"]
[debug] [2022-09-09T12:13:24.558Z] > authorizing via signed-in user (jdbabatunde98@gmail.com)
[debug] [2022-09-09T12:13:24.559Z] [iam] checking project recruiter-project-d4641 for permissions ["firebase.projects.get"]
[debug] [2022-09-09T12:13:24.561Z] >>> [apiv2][query] POST https://cloudresourcemanager.googleapis.com/v1/projects/recruiter-project-d4641:testIamPermissions [none]
[debug] [2022-09-09T12:13:24.562Z] >>> [apiv2][(partial)header] POST https://cloudresourcemanager.googleapis.com/v1/projects/recruiter-project-d4641:testIamPermissions x-goog-quota-user=projects/recruiter-project-d4641
[debug] [2022-09-09T12:13:24.562Z] >>> [apiv2][body] POST https://cloudresourcemanager.googleapis.com/v1/projects/recruiter-project-d4641:testIamPermissions {"permissions":["firebase.projects.get"]}
[debug] [2022-09-09T12:13:26.483Z] <<< [apiv2][status] POST https://cloudresourcemanager.googleapis.com/v1/projects/recruiter-project-d4641:testIamPermissions 200
[debug] [2022-09-09T12:13:26.483Z] <<< [apiv2][body] POST https://cloudresourcemanager.googleapis.com/v1/projects/recruiter-project-d4641:testIamPermissions {"permissions":["firebase.projects.get"]}
[info] 
[info] Firestore Security Rules allow you to define how and when to allow
[info] requests. You can keep these rules in your project directory
[info] and publish them with firebase deploy.
[info] 
[debug] [2022-09-09T12:13:44.437Z] >>> [apiv2][query] GET https://firebaserules.googleapis.com/v1/projects/recruiter-project-d4641/releases pageSize=10&pageToken=
[debug] [2022-09-09T12:13:46.967Z] <<< [apiv2][status] GET https://firebaserules.googleapis.com/v1/projects/recruiter-project-d4641/releases 200
[debug] [2022-09-09T12:13:46.968Z] <<< [apiv2][body] GET https://firebaserules.googleapis.com/v1/projects/recruiter-project-d4641/releases {"releases":[{"name":"projects/recruiter-project-d4641/releases/cloud.firestore","rulesetName":"projects/recruiter-project-d4641/rulesets/7f8bbdf7-3cee-47ab-9d60-5ad93e6b9a69","createTime":"2022-09-09T11:48:27.402244Z","updateTime":"2022-09-09T11:48:27.402244Z"}]}
[debug] [2022-09-09T12:13:46.969Z] Found ruleset: projects/recruiter-project-d4641/rulesets/7f8bbdf7-3cee-47ab-9d60-5ad93e6b9a69
[debug] [2022-09-09T12:13:46.970Z] >>> [apiv2][query] GET https://firebaserules.googleapis.com/v1/projects/recruiter-project-d4641/rulesets/7f8bbdf7-3cee-47ab-9d60-5ad93e6b9a69 [none]
[debug] [2022-09-09T12:13:48.191Z] <<< [apiv2][status] GET https://firebaserules.googleapis.com/v1/projects/recruiter-project-d4641/rulesets/7f8bbdf7-3cee-47ab-9d60-5ad93e6b9a69 200
[debug] [2022-09-09T12:13:48.191Z] <<< [apiv2][body] GET https://firebaserules.googleapis.com/v1/projects/recruiter-project-d4641/rulesets/7f8bbdf7-3cee-47ab-9d60-5ad93e6b9a69 [omitted]
[info] 
[info] Firestore indexes allow you to perform complex queries while
[info] maintaining performance that scales with the size of the result
[info] set. You can keep index definitions in your project directory
[info] and publish them with firebase deploy.
[info] 
[debug] [2022-09-09T12:14:00.671Z] >>> [apiv2][query] GET https://firestore.googleapis.com/v1/projects/recruiter-project-d4641/databases/(default)/collectionGroups/-/indexes [none]
[debug] [2022-09-09T12:14:00.674Z] >>> [apiv2][query] GET https://firestore.googleapis.com/v1/projects/recruiter-project-d4641/databases/(default)/collectionGroups/-/fields?filter=indexConfig.usesAncestorConfig=false [none]
[debug] [2022-09-09T12:14:01.969Z] <<< [apiv2][status] GET https://firestore.googleapis.com/v1/projects/recruiter-project-d4641/databases/(default)/collectionGroups/-/indexes 200
[debug] [2022-09-09T12:14:01.969Z] <<< [apiv2][body] GET https://firestore.googleapis.com/v1/projects/recruiter-project-d4641/databases/(default)/collectionGroups/-/indexes {}
[debug] [2022-09-09T12:14:06.026Z] <<< [apiv2][status] GET https://firestore.googleapis.com/v1/projects/recruiter-project-d4641/databases/(default)/collectionGroups/-/fields?filter=indexConfig.usesAncestorConfig=false 200
[debug] [2022-09-09T12:14:06.027Z] <<< [apiv2][body] GET https://firestore.googleapis.com/v1/projects/recruiter-project-d4641/databases/(default)/collectionGroups/-/fields?filter=indexConfig.usesAncestorConfig=false {"fields":[{"name":"projects/recruiter-project-d4641/databases/(default)/collectionGroups/__default__/fields/*","indexConfig":{"indexes":[{"queryScope":"COLLECTION","fields":[{"fieldPath":"*","order":"ASCENDING"}],"state":"READY"},{"queryScope":"COLLECTION","fields":[{"fieldPath":"*","order":"DESCENDING"}],"state":"READY"},{"queryScope":"COLLECTION","fields":[{"fieldPath":"*","arrayConfig":"CONTAINS"}],"state":"READY"}]}}]}
[info] 
=== Hosting Setup
[info] 
[info] Your public directory is the folder (relative to your project directory) that
[info] will contain Hosting assets to be uploaded with firebase deploy. If you
[info] have a build process for your assets, use your build's output directory.
[info] 
[info] +  Wrote public/404.html 
[debug] [2022-09-09T12:14:33.022Z] >>> [apiv2][query] GET https://www.gstatic.com/firebasejs/releases.json [none]
[debug] [2022-09-09T12:14:34.928Z] <<< [apiv2][status] GET https://www.gstatic.com/firebasejs/releases.json 200
[debug] [2022-09-09T12:14:34.929Z] <<< [apiv2][body] GET https://www.gstatic.com/firebasejs/releases.json {"current":{"version":"9.9.4","browserURL":"https://www.gstatic.com/firebasejs/9.9.4/firebase.js","packageURL":"https://www.gstatic.com/firebasejs/9.9.4/firebase.tgz"},"live":{"version":"9.9","browserURL":"https://www.gstatic.com/firebasejs/live/9.9/firebase.js","packageURL":"https://www.gstatic.com/firebasejs/live/9.9/firebase.tgz"},"components":{"analytics":"https://www.gstatic.com/firebasejs/9.9.4/firebase-analytics.js","app":"https://www.gstatic.com/firebasejs/9.9.4/firebase-app.js","app-check":"https://www.gstatic.com/firebasejs/9.9.4/firebase-app-check.js","auth":"https://www.gstatic.com/firebasejs/9.9.4/firebase-auth.js","auth/cordova":"https://www.gstatic.com/firebasejs/9.9.4/firebase-auth/cordova.js","auth/react-native":"https://www.gstatic.com/firebasejs/9.9.4/firebase-auth/react-native.js","functions":"https://www.gstatic.com/firebasejs/9.9.4/firebase-functions.js","firestore":"https://www.gstatic.com/firebasejs/9.9.4/firebase-firestore.js","firestore/lite":"https://www.gstatic.com/firebasejs/9.9.4/firebase-firestore/lite.js","installations":"https://www.gstatic.com/firebasejs/9.9.4/firebase-installations.js","storage":"https://www.gstatic.com/firebasejs/9.9.4/firebase-storage.js","performance":"https://www.gstatic.com/firebasejs/9.9.4/firebase-performance.js","remote-config":"https://www.gstatic.com/firebasejs/9.9.4/firebase-remote-config.js","messaging":"https://www.gstatic.com/firebasejs/9.9.4/firebase-messaging.js","messaging/sw":"https://www.gstatic.com/firebasejs/9.9.4/firebase-messaging/sw.js","database":"https://www.gstatic.com/firebasejs/9.9.4/firebase-database.js","firestore.memory":"https://www.gstatic.com/firebasejs/9.9.4/firebase-firestore.memory.js"}}
[info] +  Wrote public/index.html 
[info] 
[info] i  Detected a .git folder at C:\Users\TOSHIBA 
[info] i  Authorizing with GitHub to upload your service account to a GitHub repository's secrets store. 
[info] 
[info] Visit this URL on this device to log in:
[info] https://github.com/login/oauth/authorize?client_id=89cf50f02ac6aaed3484&state=622905645&redirect_uri=http%3A%2F%2Flocalhost%3A9005&scope=read%3Auser%20repo%20public_repo
[info] 
[info] Waiting for authentication...
[debug] [2022-09-09T12:15:38.256Z] >>> [apiv2][query] POST https://github.com/login/oauth/access_token [none]
[debug] [2022-09-09T12:15:38.257Z] >>> [apiv2][body] POST https://github.com/login/oauth/access_token [stream]
[debug] [2022-09-09T12:15:39.588Z] <<< [apiv2][status] POST https://github.com/login/oauth/access_token 200
[debug] [2022-09-09T12:15:39.589Z] <<< [apiv2][body] POST https://github.com/login/oauth/access_token {"access_token":"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","token_type":"bearer","scope":"read:user,repo"}
[debug] [2022-09-09T12:15:39.671Z] >>> [apiv2][query] GET https://api.github.com/user [none]
[debug] [2022-09-09T12:15:40.699Z] <<< [apiv2][status] GET https://api.github.com/user 200
[debug] [2022-09-09T12:15:40.699Z] <<< [apiv2][body] GET https://api.github.com/user {"login":"Joshuadada","id":47244030,"node_id":"MDQ6VXNlcjQ3MjQ0MDMw","avatar_url":"https://avatars.githubusercontent.com/u/47244030?v=4","gravatar_id":"","url":"https://api.github.com/users/Joshuadada","html_url":"https://github.com/Joshuadada","followers_url":"https://api.github.com/users/Joshuadada/followers","following_url":"https://api.github.com/users/Joshuadada/following{/other_user}","gists_url":"https://api.github.com/users/Joshuadada/gists{/gist_id}","starred_url":"https://api.github.com/users/Joshuadada/starred{/owner}{/repo}","subscriptions_url":"https://api.github.com/users/Joshuadada/subscriptions","organizations_url":"https://api.github.com/users/Joshuadada/orgs","repos_url":"https://api.github.com/users/Joshuadada/repos","events_url":"https://api.github.com/users/Joshuadada/events{/privacy}","received_events_url":"https://api.github.com/users/Joshuadada/received_events","type":"User","site_admin":false,"name":"Joshua Dada Babatunde","company":null,"blog":"","location":null,"email":null,"hireable":null,"bio":null,"twitter_username":null,"public_repos":8,"public_gists":0,"followers":1,"following":0,"created_at":"2019-02-01T10:51:45Z","updated_at":"2022-08-19T10:30:04Z","private_gists":0,"total_private_repos":1,"owned_private_repos":1,"disk_usage":62713,"collaborators":0,"two_factor_authentication":false,"plan":{"name":"free","space":976562499,"collaborators":0,"private_repos":10000}}
[info] 
[info] +  Success! Logged into GitHub as Joshuadada 
[info] 
[debug] [2022-09-09T12:15:57.775Z] >>> [apiv2][query] GET https://api.github.com/repos/format: user/repository/actions/secrets/public-key type=owner
[debug] [2022-09-09T12:15:58.837Z] <<< [apiv2][status] GET https://api.github.com/repos/format: user/repository/actions/secrets/public-key 404
[debug] [2022-09-09T12:15:58.838Z] <<< [apiv2][body] GET https://api.github.com/repos/format: user/repository/actions/secrets/public-key {"message":"Not Found","documentation_url":"https://docs.github.com/rest/reference/actions#get-a-repository-public-key"}
